[0.946s] Invoking command in '/home/horizon/datn/Backend/ros2_ws/src/ammr_plc_node': PYTHONPATH=/home/horizon/datn/Backend/ros2_ws/build/ammr_plc_node/prefix_override:/usr/lib/python3/dist-packages/colcon_core/task/python/colcon_distutils_commands:/home/horizon/datn/Backend/ros2_ws/install/ammr_plc_node/lib/python3.10/site-packages:${PYTHONPATH} VIRTUAL_ENV_PROMPT=(.venv) /usr/bin/python3 -W ignore:setup.py install is deprecated -W ignore:easy_install command is deprecated setup.py egg_info --egg-base ../../build/ammr_plc_node build --build-base /home/horizon/datn/Backend/ros2_ws/build/ammr_plc_node/build install --record /home/horizon/datn/Backend/ros2_ws/build/ammr_plc_node/install.log --single-version-externally-managed install_data
[1.277s] running egg_info
[1.302s] creating ../../build/ammr_plc_node/ammr_plc_node.egg-info
[1.303s] writing ../../build/ammr_plc_node/ammr_plc_node.egg-info/PKG-INFO
[1.303s] writing dependency_links to ../../build/ammr_plc_node/ammr_plc_node.egg-info/dependency_links.txt
[1.303s] writing entry points to ../../build/ammr_plc_node/ammr_plc_node.egg-info/entry_points.txt
[1.303s] writing requirements to ../../build/ammr_plc_node/ammr_plc_node.egg-info/requires.txt
[1.303s] writing top-level names to ../../build/ammr_plc_node/ammr_plc_node.egg-info/top_level.txt
[1.303s] writing manifest file '../../build/ammr_plc_node/ammr_plc_node.egg-info/SOURCES.txt'
[1.355s] reading manifest file '../../build/ammr_plc_node/ammr_plc_node.egg-info/SOURCES.txt'
[1.355s] writing manifest file '../../build/ammr_plc_node/ammr_plc_node.egg-info/SOURCES.txt'
[1.355s] running build
[1.356s] running build_py
[1.356s] creating /home/horizon/datn/Backend/ros2_ws/build/ammr_plc_node/build/lib/ammr_plc_node
[1.356s] copying ammr_plc_node/tf_map_to_base.py -> /home/horizon/datn/Backend/ros2_ws/build/ammr_plc_node/build/lib/ammr_plc_node
[1.356s] copying ammr_plc_node/test.py -> /home/horizon/datn/Backend/ros2_ws/build/ammr_plc_node/build/lib/ammr_plc_node
[1.357s] copying ammr_plc_node/__init__.py -> /home/horizon/datn/Backend/ros2_ws/build/ammr_plc_node/build/lib/ammr_plc_node
[1.357s] copying ammr_plc_node/Manipulator.py -> /home/horizon/datn/Backend/ros2_ws/build/ammr_plc_node/build/lib/ammr_plc_node
[1.357s] running install
[1.363s] running install_lib
[1.387s] creating /home/horizon/datn/Backend/ros2_ws/install/ammr_plc_node/lib/python3.10/site-packages/ammr_plc_node
[1.388s] copying /home/horizon/datn/Backend/ros2_ws/build/ammr_plc_node/build/lib/ammr_plc_node/tf_map_to_base.py -> /home/horizon/datn/Backend/ros2_ws/install/ammr_plc_node/lib/python3.10/site-packages/ammr_plc_node
[1.388s] copying /home/horizon/datn/Backend/ros2_ws/build/ammr_plc_node/build/lib/ammr_plc_node/test.py -> /home/horizon/datn/Backend/ros2_ws/install/ammr_plc_node/lib/python3.10/site-packages/ammr_plc_node
[1.388s] copying /home/horizon/datn/Backend/ros2_ws/build/ammr_plc_node/build/lib/ammr_plc_node/__init__.py -> /home/horizon/datn/Backend/ros2_ws/install/ammr_plc_node/lib/python3.10/site-packages/ammr_plc_node
[1.388s] copying /home/horizon/datn/Backend/ros2_ws/build/ammr_plc_node/build/lib/ammr_plc_node/Manipulator.py -> /home/horizon/datn/Backend/ros2_ws/install/ammr_plc_node/lib/python3.10/site-packages/ammr_plc_node
[1.389s] byte-compiling /home/horizon/datn/Backend/ros2_ws/install/ammr_plc_node/lib/python3.10/site-packages/ammr_plc_node/tf_map_to_base.py to tf_map_to_base.cpython-310.pyc
[1.390s] byte-compiling /home/horizon/datn/Backend/ros2_ws/install/ammr_plc_node/lib/python3.10/site-packages/ammr_plc_node/test.py to test.cpython-310.pyc
[1.391s] byte-compiling /home/horizon/datn/Backend/ros2_ws/install/ammr_plc_node/lib/python3.10/site-packages/ammr_plc_node/__init__.py to __init__.cpython-310.pyc
[1.391s] byte-compiling /home/horizon/datn/Backend/ros2_ws/install/ammr_plc_node/lib/python3.10/site-packages/ammr_plc_node/Manipulator.py to Manipulator.cpython-310.pyc
[1.392s] running install_data
[1.392s] creating /home/horizon/datn/Backend/ros2_ws/install/ammr_plc_node/share/ament_index/resource_index/packages
[1.393s] copying resource/ammr_plc_node -> /home/horizon/datn/Backend/ros2_ws/install/ammr_plc_node/share/ament_index/resource_index/packages
[1.393s] copying package.xml -> /home/horizon/datn/Backend/ros2_ws/install/ammr_plc_node/share/ammr_plc_node
[1.393s] running install_egg_info
[1.416s] Copying ../../build/ammr_plc_node/ammr_plc_node.egg-info to /home/horizon/datn/Backend/ros2_ws/install/ammr_plc_node/lib/python3.10/site-packages/ammr_plc_node-0.0.0-py3.10.egg-info
[1.418s] running install_scripts
[1.583s] Installing ammr_plc_node script to /home/horizon/datn/Backend/ros2_ws/install/ammr_plc_node/lib/ammr_plc_node
[1.583s] Installing test_node script to /home/horizon/datn/Backend/ros2_ws/install/ammr_plc_node/lib/ammr_plc_node
[1.583s] Installing tf_relay script to /home/horizon/datn/Backend/ros2_ws/install/ammr_plc_node/lib/ammr_plc_node
[1.584s] writing list of installed files to '/home/horizon/datn/Backend/ros2_ws/build/ammr_plc_node/install.log'
[1.626s] Invoked command in '/home/horizon/datn/Backend/ros2_ws/src/ammr_plc_node' returned '0': PYTHONPATH=/home/horizon/datn/Backend/ros2_ws/build/ammr_plc_node/prefix_override:/usr/lib/python3/dist-packages/colcon_core/task/python/colcon_distutils_commands:/home/horizon/datn/Backend/ros2_ws/install/ammr_plc_node/lib/python3.10/site-packages:${PYTHONPATH} VIRTUAL_ENV_PROMPT=(.venv) /usr/bin/python3 -W ignore:setup.py install is deprecated -W ignore:easy_install command is deprecated setup.py egg_info --egg-base ../../build/ammr_plc_node build --build-base /home/horizon/datn/Backend/ros2_ws/build/ammr_plc_node/build install --record /home/horizon/datn/Backend/ros2_ws/build/ammr_plc_node/install.log --single-version-externally-managed install_data
