[0.162s] DEBUG:colcon:Command line arguments: ['/usr/bin/colcon', 'build']
[0.162s] DEBUG:colcon:Parsed command line arguments: Namespace(log_base=None, log_level=None, verb_name='build', build_base='build', install_base='install', merge_install=False, symlink_install=False, test_result_base=None, continue_on_error=False, executor='parallel', parallel_workers=4, event_handlers=None, ignore_user_meta=False, metas=['./colcon.meta'], base_paths=['.'], packages_ignore=None, packages_ignore_regex=None, paths=None, packages_up_to=None, packages_up_to_regex=None, packages_above=None, packages_above_and_dependencies=None, packages_above_depth=None, packages_select_by_dep=None, packages_skip_by_dep=None, packages_skip_up_to=None, packages_select_build_failed=False, packages_skip_build_finished=False, packages_select_test_failures=False, packages_skip_test_passed=False, packages_select=None, packages_skip=None, packages_select_regex=None, packages_skip_regex=None, packages_start=None, packages_end=None, allow_overriding=[], cmake_args=None, cmake_target=None, cmake_target_skip_unavailable=False, cmake_clean_cache=False, cmake_clean_first=False, cmake_force_configure=False, ament_cmake_args=None, catkin_cmake_args=None, catkin_skip_building_tests=False, verb_parser=<colcon_defaults.argument_parser.defaults.DefaultArgumentsDecorator object at 0x7747b8437d30>, verb_extension=<colcon_core.verb.build.BuildVerb object at 0x7747b8436d10>, main=<bound method BuildVerb.main of <colcon_core.verb.build.BuildVerb object at 0x7747b8436d10>>)
[0.392s] Level 1:colcon.colcon_core.package_discovery:discover_packages(colcon_meta) check parameters
[0.392s] Level 1:colcon.colcon_core.package_discovery:discover_packages(recursive) check parameters
[0.392s] Level 1:colcon.colcon_core.package_discovery:discover_packages(ignore) check parameters
[0.392s] Level 1:colcon.colcon_core.package_discovery:discover_packages(path) check parameters
[0.392s] Level 1:colcon.colcon_core.package_discovery:discover_packages(colcon_meta) discover
[0.392s] Level 1:colcon.colcon_core.package_discovery:discover_packages(recursive) discover
[0.392s] INFO:colcon.colcon_core.package_discovery:Crawling recursively for packages in '/home/phuongnguyen/DATN/Backend/ros2_ws'
[0.392s] Level 1:colcon.colcon_core.package_identification:_identify(.) by extensions ['ignore', 'ignore_ament_install']
[0.392s] Level 1:colcon.colcon_core.package_identification:_identify(.) by extension 'ignore'
[0.393s] Level 1:colcon.colcon_core.package_identification:_identify(.) by extension 'ignore_ament_install'
[0.393s] Level 1:colcon.colcon_core.package_identification:_identify(.) by extensions ['colcon_pkg']
[0.393s] Level 1:colcon.colcon_core.package_identification:_identify(.) by extension 'colcon_pkg'
[0.393s] Level 1:colcon.colcon_core.package_identification:_identify(.) by extensions ['colcon_meta']
[0.393s] Level 1:colcon.colcon_core.package_identification:_identify(.) by extension 'colcon_meta'
[0.393s] Level 1:colcon.colcon_core.package_identification:_identify(.) by extensions ['ros']
[0.393s] Level 1:colcon.colcon_core.package_identification:_identify(.) by extension 'ros'
[0.407s] Level 1:colcon.colcon_core.package_identification:_identify(.) by extensions ['cmake', 'python']
[0.407s] Level 1:colcon.colcon_core.package_identification:_identify(.) by extension 'cmake'
[0.407s] Level 1:colcon.colcon_core.package_identification:_identify(.) by extension 'python'
[0.407s] Level 1:colcon.colcon_core.package_identification:_identify(.) by extensions ['python_setup_py']
[0.408s] Level 1:colcon.colcon_core.package_identification:_identify(.) by extension 'python_setup_py'
[0.408s] Level 1:colcon.colcon_core.package_identification:_identify(build) by extensions ['ignore', 'ignore_ament_install']
[0.408s] Level 1:colcon.colcon_core.package_identification:_identify(build) by extension 'ignore'
[0.408s] Level 1:colcon.colcon_core.package_identification:_identify(build) ignored
[0.408s] Level 1:colcon.colcon_core.package_identification:_identify(install) by extensions ['ignore', 'ignore_ament_install']
[0.409s] Level 1:colcon.colcon_core.package_identification:_identify(install) by extension 'ignore'
[0.409s] Level 1:colcon.colcon_core.package_identification:_identify(install) ignored
[0.409s] Level 1:colcon.colcon_core.package_identification:_identify(log) by extensions ['ignore', 'ignore_ament_install']
[0.409s] Level 1:colcon.colcon_core.package_identification:_identify(log) by extension 'ignore'
[0.409s] Level 1:colcon.colcon_core.package_identification:_identify(log) ignored
[0.409s] Level 1:colcon.colcon_core.package_identification:_identify(src) by extensions ['ignore', 'ignore_ament_install']
[0.409s] Level 1:colcon.colcon_core.package_identification:_identify(src) by extension 'ignore'
[0.410s] Level 1:colcon.colcon_core.package_identification:_identify(src) by extension 'ignore_ament_install'
[0.410s] Level 1:colcon.colcon_core.package_identification:_identify(src) by extensions ['colcon_pkg']
[0.410s] Level 1:colcon.colcon_core.package_identification:_identify(src) by extension 'colcon_pkg'
[0.410s] Level 1:colcon.colcon_core.package_identification:_identify(src) by extensions ['colcon_meta']
[0.410s] Level 1:colcon.colcon_core.package_identification:_identify(src) by extension 'colcon_meta'
[0.410s] Level 1:colcon.colcon_core.package_identification:_identify(src) by extensions ['ros']
[0.410s] Level 1:colcon.colcon_core.package_identification:_identify(src) by extension 'ros'
[0.410s] Level 1:colcon.colcon_core.package_identification:_identify(src) by extensions ['cmake', 'python']
[0.410s] Level 1:colcon.colcon_core.package_identification:_identify(src) by extension 'cmake'
[0.410s] Level 1:colcon.colcon_core.package_identification:_identify(src) by extension 'python'
[0.411s] Level 1:colcon.colcon_core.package_identification:_identify(src) by extensions ['python_setup_py']
[0.411s] Level 1:colcon.colcon_core.package_identification:_identify(src) by extension 'python_setup_py'
[0.411s] Level 1:colcon.colcon_core.package_identification:_identify(src/launch) by extensions ['ignore', 'ignore_ament_install']
[0.411s] Level 1:colcon.colcon_core.package_identification:_identify(src/launch) by extension 'ignore'
[0.411s] Level 1:colcon.colcon_core.package_identification:_identify(src/launch) by extension 'ignore_ament_install'
[0.411s] Level 1:colcon.colcon_core.package_identification:_identify(src/launch) by extensions ['colcon_pkg']
[0.411s] Level 1:colcon.colcon_core.package_identification:_identify(src/launch) by extension 'colcon_pkg'
[0.411s] Level 1:colcon.colcon_core.package_identification:_identify(src/launch) by extensions ['colcon_meta']
[0.411s] Level 1:colcon.colcon_core.package_identification:_identify(src/launch) by extension 'colcon_meta'
[0.412s] Level 1:colcon.colcon_core.package_identification:_identify(src/launch) by extensions ['ros']
[0.412s] Level 1:colcon.colcon_core.package_identification:_identify(src/launch) by extension 'ros'
[0.412s] Level 1:colcon.colcon_core.package_identification:_identify(src/launch) by extensions ['cmake', 'python']
[0.412s] Level 1:colcon.colcon_core.package_identification:_identify(src/launch) by extension 'cmake'
[0.412s] Level 1:colcon.colcon_core.package_identification:_identify(src/launch) by extension 'python'
[0.412s] Level 1:colcon.colcon_core.package_identification:_identify(src/launch) by extensions ['python_setup_py']
[0.412s] Level 1:colcon.colcon_core.package_identification:_identify(src/launch) by extension 'python_setup_py'
[0.412s] Level 1:colcon.colcon_core.package_identification:_identify(src/robot_publisher) by extensions ['ignore', 'ignore_ament_install']
[0.413s] Level 1:colcon.colcon_core.package_identification:_identify(src/robot_publisher) by extension 'ignore'
[0.413s] Level 1:colcon.colcon_core.package_identification:_identify(src/robot_publisher) by extension 'ignore_ament_install'
[0.413s] Level 1:colcon.colcon_core.package_identification:_identify(src/robot_publisher) by extensions ['colcon_pkg']
[0.413s] Level 1:colcon.colcon_core.package_identification:_identify(src/robot_publisher) by extension 'colcon_pkg'
[0.413s] Level 1:colcon.colcon_core.package_identification:_identify(src/robot_publisher) by extensions ['colcon_meta']
[0.413s] Level 1:colcon.colcon_core.package_identification:_identify(src/robot_publisher) by extension 'colcon_meta'
[0.413s] Level 1:colcon.colcon_core.package_identification:_identify(src/robot_publisher) by extensions ['ros']
[0.413s] Level 1:colcon.colcon_core.package_identification:_identify(src/robot_publisher) by extension 'ros'
[0.418s] DEBUG:colcon.colcon_core.package_identification:Package 'src/robot_publisher' with type 'ros.ament_python' and name 'robot_publisher'
[0.418s] Level 1:colcon.colcon_core.package_identification:_identify(src/robot_subscriber) by extensions ['ignore', 'ignore_ament_install']
[0.418s] Level 1:colcon.colcon_core.package_identification:_identify(src/robot_subscriber) by extension 'ignore'
[0.418s] Level 1:colcon.colcon_core.package_identification:_identify(src/robot_subscriber) by extension 'ignore_ament_install'
[0.418s] Level 1:colcon.colcon_core.package_identification:_identify(src/robot_subscriber) by extensions ['colcon_pkg']
[0.418s] Level 1:colcon.colcon_core.package_identification:_identify(src/robot_subscriber) by extension 'colcon_pkg'
[0.418s] Level 1:colcon.colcon_core.package_identification:_identify(src/robot_subscriber) by extensions ['colcon_meta']
[0.418s] Level 1:colcon.colcon_core.package_identification:_identify(src/robot_subscriber) by extension 'colcon_meta'
[0.418s] Level 1:colcon.colcon_core.package_identification:_identify(src/robot_subscriber) by extensions ['ros']
[0.418s] Level 1:colcon.colcon_core.package_identification:_identify(src/robot_subscriber) by extension 'ros'
[0.419s] DEBUG:colcon.colcon_core.package_identification:Package 'src/robot_subscriber' with type 'ros.ament_python' and name 'robot_subscriber'
[0.419s] Level 1:colcon.colcon_core.package_discovery:discover_packages(recursive) using defaults
[0.419s] Level 1:colcon.colcon_core.package_discovery:discover_packages(ignore) discover
[0.420s] Level 1:colcon.colcon_core.package_discovery:discover_packages(ignore) using defaults
[0.420s] Level 1:colcon.colcon_core.package_discovery:discover_packages(path) discover
[0.420s] Level 1:colcon.colcon_core.package_discovery:discover_packages(path) using defaults
[0.443s] Level 1:colcon.colcon_core.package_discovery:discover_packages(prefix_path) check parameters
[0.443s] Level 1:colcon.colcon_core.package_discovery:discover_packages(prefix_path) discover
[0.445s] DEBUG:colcon.colcon_installed_package_information.package_discovery:Found 2 installed packages in /home/phuongnguyen/DATN/Backend/ros2_ws/install
[0.447s] DEBUG:colcon.colcon_installed_package_information.package_discovery:Found 271 installed packages in /opt/ros/humble
[0.450s] Level 1:colcon.colcon_core.package_discovery:discover_packages(prefix_path) using defaults
[0.519s] Level 5:colcon.colcon_core.verb:set package 'robot_publisher' build argument 'cmake_args' from command line to 'None'
[0.519s] Level 5:colcon.colcon_core.verb:set package 'robot_publisher' build argument 'cmake_target' from command line to 'None'
[0.519s] Level 5:colcon.colcon_core.verb:set package 'robot_publisher' build argument 'cmake_target_skip_unavailable' from command line to 'False'
[0.519s] Level 5:colcon.colcon_core.verb:set package 'robot_publisher' build argument 'cmake_clean_cache' from command line to 'False'
[0.519s] Level 5:colcon.colcon_core.verb:set package 'robot_publisher' build argument 'cmake_clean_first' from command line to 'False'
[0.519s] Level 5:colcon.colcon_core.verb:set package 'robot_publisher' build argument 'cmake_force_configure' from command line to 'False'
[0.519s] Level 5:colcon.colcon_core.verb:set package 'robot_publisher' build argument 'ament_cmake_args' from command line to 'None'
[0.519s] Level 5:colcon.colcon_core.verb:set package 'robot_publisher' build argument 'catkin_cmake_args' from command line to 'None'
[0.519s] Level 5:colcon.colcon_core.verb:set package 'robot_publisher' build argument 'catkin_skip_building_tests' from command line to 'False'
[0.520s] DEBUG:colcon.colcon_core.verb:Building package 'robot_publisher' with the following arguments: {'ament_cmake_args': None, 'build_base': '/home/phuongnguyen/DATN/Backend/ros2_ws/build/robot_publisher', 'catkin_cmake_args': None, 'catkin_skip_building_tests': False, 'cmake_args': None, 'cmake_clean_cache': False, 'cmake_clean_first': False, 'cmake_force_configure': False, 'cmake_target': None, 'cmake_target_skip_unavailable': False, 'install_base': '/home/phuongnguyen/DATN/Backend/ros2_ws/install/robot_publisher', 'merge_install': False, 'path': '/home/phuongnguyen/DATN/Backend/ros2_ws/src/robot_publisher', 'symlink_install': False, 'test_result_base': None}
[0.520s] Level 5:colcon.colcon_core.verb:set package 'robot_subscriber' build argument 'cmake_args' from command line to 'None'
[0.520s] Level 5:colcon.colcon_core.verb:set package 'robot_subscriber' build argument 'cmake_target' from command line to 'None'
[0.520s] Level 5:colcon.colcon_core.verb:set package 'robot_subscriber' build argument 'cmake_target_skip_unavailable' from command line to 'False'
[0.520s] Level 5:colcon.colcon_core.verb:set package 'robot_subscriber' build argument 'cmake_clean_cache' from command line to 'False'
[0.520s] Level 5:colcon.colcon_core.verb:set package 'robot_subscriber' build argument 'cmake_clean_first' from command line to 'False'
[0.520s] Level 5:colcon.colcon_core.verb:set package 'robot_subscriber' build argument 'cmake_force_configure' from command line to 'False'
[0.521s] Level 5:colcon.colcon_core.verb:set package 'robot_subscriber' build argument 'ament_cmake_args' from command line to 'None'
[0.521s] Level 5:colcon.colcon_core.verb:set package 'robot_subscriber' build argument 'catkin_cmake_args' from command line to 'None'
[0.521s] Level 5:colcon.colcon_core.verb:set package 'robot_subscriber' build argument 'catkin_skip_building_tests' from command line to 'False'
[0.521s] DEBUG:colcon.colcon_core.verb:Building package 'robot_subscriber' with the following arguments: {'ament_cmake_args': None, 'build_base': '/home/phuongnguyen/DATN/Backend/ros2_ws/build/robot_subscriber', 'catkin_cmake_args': None, 'catkin_skip_building_tests': False, 'cmake_args': None, 'cmake_clean_cache': False, 'cmake_clean_first': False, 'cmake_force_configure': False, 'cmake_target': None, 'cmake_target_skip_unavailable': False, 'install_base': '/home/phuongnguyen/DATN/Backend/ros2_ws/install/robot_subscriber', 'merge_install': False, 'path': '/home/phuongnguyen/DATN/Backend/ros2_ws/src/robot_subscriber', 'symlink_install': False, 'test_result_base': None}
[0.521s] INFO:colcon.colcon_core.executor:Executing jobs using 'parallel' executor
[0.523s] DEBUG:colcon.colcon_parallel_executor.executor.parallel:run_until_complete
[0.523s] INFO:colcon.colcon_ros.task.ament_python.build:Building ROS package in '/home/phuongnguyen/DATN/Backend/ros2_ws/src/robot_publisher' with build type 'ament_python'
[0.523s] Level 1:colcon.colcon_core.shell:create_environment_hook('robot_publisher', 'ament_prefix_path')
[0.526s] INFO:colcon.colcon_core.plugin_system:Skipping extension 'colcon_core.shell.bat': Not used on non-Windows systems
[0.526s] INFO:colcon.colcon_core.shell:Creating environment hook '/home/phuongnguyen/DATN/Backend/ros2_ws/install/robot_publisher/share/robot_publisher/hook/ament_prefix_path.ps1'
[0.527s] INFO:colcon.colcon_core.shell:Creating environment descriptor '/home/phuongnguyen/DATN/Backend/ros2_ws/install/robot_publisher/share/robot_publisher/hook/ament_prefix_path.dsv'
[0.527s] INFO:colcon.colcon_core.shell:Creating environment hook '/home/phuongnguyen/DATN/Backend/ros2_ws/install/robot_publisher/share/robot_publisher/hook/ament_prefix_path.sh'
[0.528s] INFO:colcon.colcon_core.shell:Skip shell extension 'powershell' for command environment: Not usable outside of PowerShell
[0.528s] DEBUG:colcon.colcon_core.shell:Skip shell extension 'dsv' for command environment
[0.534s] INFO:colcon.colcon_ros.task.ament_python.build:Building ROS package in '/home/phuongnguyen/DATN/Backend/ros2_ws/src/robot_subscriber' with build type 'ament_python'
[0.535s] Level 1:colcon.colcon_core.shell:create_environment_hook('robot_subscriber', 'ament_prefix_path')
[0.535s] INFO:colcon.colcon_core.shell:Creating environment hook '/home/phuongnguyen/DATN/Backend/ros2_ws/install/robot_subscriber/share/robot_subscriber/hook/ament_prefix_path.ps1'
[0.537s] INFO:colcon.colcon_core.shell:Creating environment descriptor '/home/phuongnguyen/DATN/Backend/ros2_ws/install/robot_subscriber/share/robot_subscriber/hook/ament_prefix_path.dsv'
[0.538s] INFO:colcon.colcon_core.shell:Creating environment hook '/home/phuongnguyen/DATN/Backend/ros2_ws/install/robot_subscriber/share/robot_subscriber/hook/ament_prefix_path.sh'
[0.539s] INFO:colcon.colcon_core.shell:Skip shell extension 'powershell' for command environment: Not usable outside of PowerShell
[0.539s] DEBUG:colcon.colcon_core.shell:Skip shell extension 'dsv' for command environment
[1.014s] INFO:colcon.colcon_core.task.python.build:Building Python package in '/home/phuongnguyen/DATN/Backend/ros2_ws/src/robot_publisher'
[1.015s] INFO:colcon.colcon_core.shell:Skip shell extension 'powershell' for command environment: Not usable outside of PowerShell
[1.015s] DEBUG:colcon.colcon_core.shell:Skip shell extension 'dsv' for command environment
[1.476s] INFO:colcon.colcon_core.task.python.build:Building Python package in '/home/phuongnguyen/DATN/Backend/ros2_ws/src/robot_subscriber'
[1.477s] INFO:colcon.colcon_core.shell:Skip shell extension 'powershell' for command environment: Not usable outside of PowerShell
[1.477s] DEBUG:colcon.colcon_core.shell:Skip shell extension 'dsv' for command environment
[2.303s] DEBUG:colcon.colcon_core.event_handler.log_command:Invoking command in '/home/phuongnguyen/DATN/Backend/ros2_ws/build/robot_subscriber': PYTHONPATH=/home/phuongnguyen/DATN/Backend/ros2_ws/build/robot_subscriber/prefix_override:/usr/lib/python3/dist-packages/colcon_core/task/python/colcon_distutils_commands:/home/phuongnguyen/DATN/Backend/ros2_ws/install/robot_subscriber/lib/python3.10/site-packages:${PYTHONPATH} /usr/bin/python3 -W ignore:setup.py install is deprecated -W ignore:easy_install command is deprecated setup.py develop --uninstall --editable --build-directory /home/phuongnguyen/DATN/Backend/ros2_ws/build/robot_subscriber/build
[2.354s] DEBUG:colcon.colcon_core.event_handler.log_command:Invoking command in '/home/phuongnguyen/DATN/Backend/ros2_ws/build/robot_publisher': PYTHONPATH=/home/phuongnguyen/DATN/Backend/ros2_ws/build/robot_publisher/prefix_override:/usr/lib/python3/dist-packages/colcon_core/task/python/colcon_distutils_commands:/home/phuongnguyen/DATN/Backend/ros2_ws/install/robot_publisher/lib/python3.10/site-packages:${PYTHONPATH} /usr/bin/python3 -W ignore:setup.py install is deprecated -W ignore:easy_install command is deprecated setup.py develop --uninstall --editable --build-directory /home/phuongnguyen/DATN/Backend/ros2_ws/build/robot_publisher/build
[3.234s] DEBUG:colcon.colcon_core.event_handler.log_command:Invoked command in '/home/phuongnguyen/DATN/Backend/ros2_ws/build/robot_subscriber' returned '0': PYTHONPATH=/home/phuongnguyen/DATN/Backend/ros2_ws/build/robot_subscriber/prefix_override:/usr/lib/python3/dist-packages/colcon_core/task/python/colcon_distutils_commands:/home/phuongnguyen/DATN/Backend/ros2_ws/install/robot_subscriber/lib/python3.10/site-packages:${PYTHONPATH} /usr/bin/python3 -W ignore:setup.py install is deprecated -W ignore:easy_install command is deprecated setup.py develop --uninstall --editable --build-directory /home/phuongnguyen/DATN/Backend/ros2_ws/build/robot_subscriber/build
[3.234s] DEBUG:colcon.colcon_core.event_handler.log_command:Invoking command in '/home/phuongnguyen/DATN/Backend/ros2_ws/src/robot_subscriber': PYTHONPATH=/home/phuongnguyen/DATN/Backend/ros2_ws/build/robot_subscriber/prefix_override:/usr/lib/python3/dist-packages/colcon_core/task/python/colcon_distutils_commands:/home/phuongnguyen/DATN/Backend/ros2_ws/install/robot_subscriber/lib/python3.10/site-packages:${PYTHONPATH} /usr/bin/python3 -W ignore:setup.py install is deprecated -W ignore:easy_install command is deprecated setup.py egg_info --egg-base ../../build/robot_subscriber build --build-base /home/phuongnguyen/DATN/Backend/ros2_ws/build/robot_subscriber/build install --record /home/phuongnguyen/DATN/Backend/ros2_ws/build/robot_subscriber/install.log --single-version-externally-managed install_data --force
[3.310s] DEBUG:colcon.colcon_core.event_handler.log_command:Invoked command in '/home/phuongnguyen/DATN/Backend/ros2_ws/build/robot_publisher' returned '0': PYTHONPATH=/home/phuongnguyen/DATN/Backend/ros2_ws/build/robot_publisher/prefix_override:/usr/lib/python3/dist-packages/colcon_core/task/python/colcon_distutils_commands:/home/phuongnguyen/DATN/Backend/ros2_ws/install/robot_publisher/lib/python3.10/site-packages:${PYTHONPATH} /usr/bin/python3 -W ignore:setup.py install is deprecated -W ignore:easy_install command is deprecated setup.py develop --uninstall --editable --build-directory /home/phuongnguyen/DATN/Backend/ros2_ws/build/robot_publisher/build
[3.319s] DEBUG:colcon.colcon_core.event_handler.log_command:Invoking command in '/home/phuongnguyen/DATN/Backend/ros2_ws/src/robot_publisher': PYTHONPATH=/home/phuongnguyen/DATN/Backend/ros2_ws/build/robot_publisher/prefix_override:/usr/lib/python3/dist-packages/colcon_core/task/python/colcon_distutils_commands:/home/phuongnguyen/DATN/Backend/ros2_ws/install/robot_publisher/lib/python3.10/site-packages:${PYTHONPATH} /usr/bin/python3 -W ignore:setup.py install is deprecated -W ignore:easy_install command is deprecated setup.py egg_info --egg-base ../../build/robot_publisher build --build-base /home/phuongnguyen/DATN/Backend/ros2_ws/build/robot_publisher/build install --record /home/phuongnguyen/DATN/Backend/ros2_ws/build/robot_publisher/install.log --single-version-externally-managed install_data --force
[4.025s] DEBUG:colcon.colcon_core.event_handler.log_command:Invoked command in '/home/phuongnguyen/DATN/Backend/ros2_ws/src/robot_publisher' returned '0': PYTHONPATH=/home/phuongnguyen/DATN/Backend/ros2_ws/build/robot_publisher/prefix_override:/usr/lib/python3/dist-packages/colcon_core/task/python/colcon_distutils_commands:/home/phuongnguyen/DATN/Backend/ros2_ws/install/robot_publisher/lib/python3.10/site-packages:${PYTHONPATH} /usr/bin/python3 -W ignore:setup.py install is deprecated -W ignore:easy_install command is deprecated setup.py egg_info --egg-base ../../build/robot_publisher build --build-base /home/phuongnguyen/DATN/Backend/ros2_ws/build/robot_publisher/build install --record /home/phuongnguyen/DATN/Backend/ros2_ws/build/robot_publisher/install.log --single-version-externally-managed install_data --force
[4.034s] Level 1:colcon.colcon_core.environment:checking '/home/phuongnguyen/DATN/Backend/ros2_ws/install/robot_publisher' for CMake module files
[4.036s] Level 1:colcon.colcon_core.environment:checking '/home/phuongnguyen/DATN/Backend/ros2_ws/install/robot_publisher' for CMake config files
[4.037s] Level 1:colcon.colcon_core.environment:checking '/home/phuongnguyen/DATN/Backend/ros2_ws/install/robot_publisher/lib'
[4.038s] Level 1:colcon.colcon_core.environment:checking '/home/phuongnguyen/DATN/Backend/ros2_ws/install/robot_publisher/bin'
[4.039s] Level 1:colcon.colcon_core.environment:checking '/home/phuongnguyen/DATN/Backend/ros2_ws/install/robot_publisher/lib/pkgconfig/robot_publisher.pc'
[4.040s] Level 1:colcon.colcon_core.environment:checking '/home/phuongnguyen/DATN/Backend/ros2_ws/install/robot_publisher/lib/python3.10/site-packages'
[4.040s] Level 1:colcon.colcon_core.shell:create_environment_hook('robot_publisher', 'pythonpath')
[4.041s] INFO:colcon.colcon_core.shell:Creating environment hook '/home/phuongnguyen/DATN/Backend/ros2_ws/install/robot_publisher/share/robot_publisher/hook/pythonpath.ps1'
[4.042s] INFO:colcon.colcon_core.shell:Creating environment descriptor '/home/phuongnguyen/DATN/Backend/ros2_ws/install/robot_publisher/share/robot_publisher/hook/pythonpath.dsv'
[4.043s] INFO:colcon.colcon_core.shell:Creating environment hook '/home/phuongnguyen/DATN/Backend/ros2_ws/install/robot_publisher/share/robot_publisher/hook/pythonpath.sh'
[4.045s] Level 1:colcon.colcon_core.environment:checking '/home/phuongnguyen/DATN/Backend/ros2_ws/install/robot_publisher/bin'
[4.045s] Level 1:colcon.colcon_core.environment:create_environment_scripts_only(robot_publisher)
[4.046s] INFO:colcon.colcon_core.shell:Creating package script '/home/phuongnguyen/DATN/Backend/ros2_ws/install/robot_publisher/share/robot_publisher/package.ps1'
[4.049s] INFO:colcon.colcon_core.shell:Creating package descriptor '/home/phuongnguyen/DATN/Backend/ros2_ws/install/robot_publisher/share/robot_publisher/package.dsv'
[4.051s] INFO:colcon.colcon_core.shell:Creating package script '/home/phuongnguyen/DATN/Backend/ros2_ws/install/robot_publisher/share/robot_publisher/package.sh'
[4.053s] INFO:colcon.colcon_core.shell:Creating package script '/home/phuongnguyen/DATN/Backend/ros2_ws/install/robot_publisher/share/robot_publisher/package.bash'
[4.055s] INFO:colcon.colcon_core.shell:Creating package script '/home/phuongnguyen/DATN/Backend/ros2_ws/install/robot_publisher/share/robot_publisher/package.zsh'
[4.058s] Level 1:colcon.colcon_core.environment:create_file_with_runtime_dependencies(/home/phuongnguyen/DATN/Backend/ros2_ws/install/robot_publisher/share/colcon-core/packages/robot_publisher)
[4.066s] Level 1:colcon.colcon_core.environment:checking '/home/phuongnguyen/DATN/Backend/ros2_ws/install/robot_subscriber' for CMake module files
[4.067s] DEBUG:colcon.colcon_core.event_handler.log_command:Invoked command in '/home/phuongnguyen/DATN/Backend/ros2_ws/src/robot_subscriber' returned '0': PYTHONPATH=/home/phuongnguyen/DATN/Backend/ros2_ws/build/robot_subscriber/prefix_override:/usr/lib/python3/dist-packages/colcon_core/task/python/colcon_distutils_commands:/home/phuongnguyen/DATN/Backend/ros2_ws/install/robot_subscriber/lib/python3.10/site-packages:${PYTHONPATH} /usr/bin/python3 -W ignore:setup.py install is deprecated -W ignore:easy_install command is deprecated setup.py egg_info --egg-base ../../build/robot_subscriber build --build-base /home/phuongnguyen/DATN/Backend/ros2_ws/build/robot_subscriber/build install --record /home/phuongnguyen/DATN/Backend/ros2_ws/build/robot_subscriber/install.log --single-version-externally-managed install_data --force
[4.068s] Level 1:colcon.colcon_core.environment:checking '/home/phuongnguyen/DATN/Backend/ros2_ws/install/robot_subscriber' for CMake config files
[4.069s] Level 1:colcon.colcon_core.environment:checking '/home/phuongnguyen/DATN/Backend/ros2_ws/install/robot_subscriber/lib'
[4.070s] Level 1:colcon.colcon_core.environment:checking '/home/phuongnguyen/DATN/Backend/ros2_ws/install/robot_subscriber/bin'
[4.070s] Level 1:colcon.colcon_core.environment:checking '/home/phuongnguyen/DATN/Backend/ros2_ws/install/robot_subscriber/lib/pkgconfig/robot_subscriber.pc'
[4.070s] Level 1:colcon.colcon_core.environment:checking '/home/phuongnguyen/DATN/Backend/ros2_ws/install/robot_subscriber/lib/python3.10/site-packages'
[4.070s] Level 1:colcon.colcon_core.shell:create_environment_hook('robot_subscriber', 'pythonpath')
[4.071s] INFO:colcon.colcon_core.shell:Creating environment hook '/home/phuongnguyen/DATN/Backend/ros2_ws/install/robot_subscriber/share/robot_subscriber/hook/pythonpath.ps1'
[4.072s] INFO:colcon.colcon_core.shell:Creating environment descriptor '/home/phuongnguyen/DATN/Backend/ros2_ws/install/robot_subscriber/share/robot_subscriber/hook/pythonpath.dsv'
[4.072s] INFO:colcon.colcon_core.shell:Creating environment hook '/home/phuongnguyen/DATN/Backend/ros2_ws/install/robot_subscriber/share/robot_subscriber/hook/pythonpath.sh'
[4.073s] Level 1:colcon.colcon_core.environment:checking '/home/phuongnguyen/DATN/Backend/ros2_ws/install/robot_subscriber/bin'
[4.074s] Level 1:colcon.colcon_core.environment:create_environment_scripts_only(robot_subscriber)
[4.074s] INFO:colcon.colcon_core.shell:Creating package script '/home/phuongnguyen/DATN/Backend/ros2_ws/install/robot_subscriber/share/robot_subscriber/package.ps1'
[4.075s] INFO:colcon.colcon_core.shell:Creating package descriptor '/home/phuongnguyen/DATN/Backend/ros2_ws/install/robot_subscriber/share/robot_subscriber/package.dsv'
[4.076s] INFO:colcon.colcon_core.shell:Creating package script '/home/phuongnguyen/DATN/Backend/ros2_ws/install/robot_subscriber/share/robot_subscriber/package.sh'
[4.077s] INFO:colcon.colcon_core.shell:Creating package script '/home/phuongnguyen/DATN/Backend/ros2_ws/install/robot_subscriber/share/robot_subscriber/package.bash'
[4.078s] INFO:colcon.colcon_core.shell:Creating package script '/home/phuongnguyen/DATN/Backend/ros2_ws/install/robot_subscriber/share/robot_subscriber/package.zsh'
[4.079s] Level 1:colcon.colcon_core.environment:create_file_with_runtime_dependencies(/home/phuongnguyen/DATN/Backend/ros2_ws/install/robot_subscriber/share/colcon-core/packages/robot_subscriber)
[4.079s] DEBUG:colcon.colcon_parallel_executor.executor.parallel:closing loop
[4.080s] DEBUG:colcon.colcon_parallel_executor.executor.parallel:loop closed
[4.080s] DEBUG:colcon.colcon_parallel_executor.executor.parallel:run_until_complete finished with '0'
[4.080s] DEBUG:colcon.colcon_core.event_reactor:joining thread
[4.092s] INFO:colcon.colcon_core.plugin_system:Skipping extension 'colcon_notification.desktop_notification.terminal_notifier': Not used on non-Darwin systems
[4.093s] INFO:colcon.colcon_core.plugin_system:Skipping extension 'colcon_notification.desktop_notification.win32': Not used on non-Windows systems
[4.093s] INFO:colcon.colcon_notification.desktop_notification:Sending desktop notification using 'notify2'
[4.123s] DEBUG:colcon.colcon_core.event_reactor:joined thread
[4.123s] INFO:colcon.colcon_core.shell:Creating prefix script '/home/phuongnguyen/DATN/Backend/ros2_ws/install/local_setup.ps1'
[4.126s] INFO:colcon.colcon_core.shell:Creating prefix util module '/home/phuongnguyen/DATN/Backend/ros2_ws/install/_local_setup_util_ps1.py'
[4.130s] INFO:colcon.colcon_core.shell:Creating prefix chain script '/home/phuongnguyen/DATN/Backend/ros2_ws/install/setup.ps1'
[4.133s] INFO:colcon.colcon_core.shell:Creating prefix script '/home/phuongnguyen/DATN/Backend/ros2_ws/install/local_setup.sh'
[4.134s] INFO:colcon.colcon_core.shell:Creating prefix util module '/home/phuongnguyen/DATN/Backend/ros2_ws/install/_local_setup_util_sh.py'
[4.135s] INFO:colcon.colcon_core.shell:Creating prefix chain script '/home/phuongnguyen/DATN/Backend/ros2_ws/install/setup.sh'
[4.137s] INFO:colcon.colcon_core.shell:Creating prefix script '/home/phuongnguyen/DATN/Backend/ros2_ws/install/local_setup.bash'
[4.137s] INFO:colcon.colcon_core.shell:Creating prefix chain script '/home/phuongnguyen/DATN/Backend/ros2_ws/install/setup.bash'
[4.139s] INFO:colcon.colcon_core.shell:Creating prefix script '/home/phuongnguyen/DATN/Backend/ros2_ws/install/local_setup.zsh'
[4.141s] INFO:colcon.colcon_core.shell:Creating prefix chain script '/home/phuongnguyen/DATN/Backend/ros2_ws/install/setup.zsh'
