[1.426s] Invoking command in '/home/phuongnguyen/DATN/Backend/ros2_ws/src/robot_publisher': PYTHONPATH=/home/phuongnguyen/DATN/Backend/ros2_ws/build/robot_publisher/prefix_override:/usr/lib/python3/dist-packages/colcon_core/task/python/colcon_distutils_commands:/home/phuongnguyen/DATN/Backend/ros2_ws/install/robot_publisher/lib/python3.10/site-packages:${PYTHONPATH} /usr/bin/python3 -W ignore:setup.py install is deprecated -W ignore:easy_install command is deprecated setup.py egg_info --egg-base ../../build/robot_publisher build --build-base /home/phuongnguyen/DATN/Backend/ros2_ws/build/robot_publisher/build install --record /home/phuongnguyen/DATN/Backend/ros2_ws/build/robot_publisher/install.log --single-version-externally-managed install_data
[1.779s] running egg_info
[1.780s] writing ../../build/robot_publisher/robot_publisher.egg-info/PKG-INFO
[1.780s] writing dependency_links to ../../build/robot_publisher/robot_publisher.egg-info/dependency_links.txt
[1.780s] writing entry points to ../../build/robot_publisher/robot_publisher.egg-info/entry_points.txt
[1.781s] writing requirements to ../../build/robot_publisher/robot_publisher.egg-info/requires.txt
[1.781s] writing top-level names to ../../build/robot_publisher/robot_publisher.egg-info/top_level.txt
[1.784s] reading manifest file '../../build/robot_publisher/robot_publisher.egg-info/SOURCES.txt'
[1.786s] writing manifest file '../../build/robot_publisher/robot_publisher.egg-info/SOURCES.txt'
[1.786s] running build
[1.786s] running build_py
[1.787s] running install
[1.787s] running install_lib
[1.789s] running install_data
[1.789s] running install_egg_info
[1.792s] removing '/home/phuongnguyen/DATN/Backend/ros2_ws/install/robot_publisher/lib/python3.10/site-packages/robot_publisher-0.0.0-py3.10.egg-info' (and everything under it)
[1.793s] Copying ../../build/robot_publisher/robot_publisher.egg-info to /home/phuongnguyen/DATN/Backend/ros2_ws/install/robot_publisher/lib/python3.10/site-packages/robot_publisher-0.0.0-py3.10.egg-info
[1.794s] running install_scripts
[1.838s] writing list of installed files to '/home/phuongnguyen/DATN/Backend/ros2_ws/build/robot_publisher/install.log'
[1.880s] Invoked command in '/home/phuongnguyen/DATN/Backend/ros2_ws/src/robot_publisher' returned '0': PYTHONPATH=/home/phuongnguyen/DATN/Backend/ros2_ws/build/robot_publisher/prefix_override:/usr/lib/python3/dist-packages/colcon_core/task/python/colcon_distutils_commands:/home/phuongnguyen/DATN/Backend/ros2_ws/install/robot_publisher/lib/python3.10/site-packages:${PYTHONPATH} /usr/bin/python3 -W ignore:setup.py install is deprecated -W ignore:easy_install command is deprecated setup.py egg_info --egg-base ../../build/robot_publisher build --build-base /home/phuongnguyen/DATN/Backend/ros2_ws/build/robot_publisher/build install --record /home/phuongnguyen/DATN/Backend/ros2_ws/build/robot_publisher/install.log --single-version-externally-managed install_data
