running egg_info
creating ../../build/robot_publisher/robot_publisher.egg-info
writing ../../build/robot_publisher/robot_publisher.egg-info/PKG-INFO
writing dependency_links to ../../build/robot_publisher/robot_publisher.egg-info/dependency_links.txt
writing entry points to ../../build/robot_publisher/robot_publisher.egg-info/entry_points.txt
writing requirements to ../../build/robot_publisher/robot_publisher.egg-info/requires.txt
writing top-level names to ../../build/robot_publisher/robot_publisher.egg-info/top_level.txt
writing manifest file '../../build/robot_publisher/robot_publisher.egg-info/SOURCES.txt'
reading manifest file '../../build/robot_publisher/robot_publisher.egg-info/SOURCES.txt'
writing manifest file '../../build/robot_publisher/robot_publisher.egg-info/SOURCES.txt'
running build
running build_py
creating /home/phuongnguyen/DATN/Backend/ros2_ws/build/robot_publisher/build
creating /home/phuongnguyen/DATN/Backend/ros2_ws/build/robot_publisher/build/lib
creating /home/phuongnguyen/DATN/Backend/ros2_ws/build/robot_publisher/build/lib/robot_publisher
copying robot_publisher/__init__.py -> /home/phuongnguyen/DATN/Backend/ros2_ws/build/robot_publisher/build/lib/robot_publisher
running install
running install_lib
creating /home/phuongnguyen/DATN/Backend/ros2_ws/install/robot_publisher/lib/python3.10/site-packages/robot_publisher
copying /home/phuongnguyen/DATN/Backend/ros2_ws/build/robot_publisher/build/lib/robot_publisher/__init__.py -> /home/phuongnguyen/DATN/Backend/ros2_ws/install/robot_publisher/lib/python3.10/site-packages/robot_publisher
byte-compiling /home/phuongnguyen/DATN/Backend/ros2_ws/install/robot_publisher/lib/python3.10/site-packages/robot_publisher/__init__.py to __init__.cpython-310.pyc
running install_data
creating /home/phuongnguyen/DATN/Backend/ros2_ws/install/robot_publisher/share/ament_index
creating /home/phuongnguyen/DATN/Backend/ros2_ws/install/robot_publisher/share/ament_index/resource_index
creating /home/phuongnguyen/DATN/Backend/ros2_ws/install/robot_publisher/share/ament_index/resource_index/packages
copying resource/robot_publisher -> /home/phuongnguyen/DATN/Backend/ros2_ws/install/robot_publisher/share/ament_index/resource_index/packages
copying package.xml -> /home/phuongnguyen/DATN/Backend/ros2_ws/install/robot_publisher/share/robot_publisher
running install_egg_info
Copying ../../build/robot_publisher/robot_publisher.egg-info to /home/phuongnguyen/DATN/Backend/ros2_ws/install/robot_publisher/lib/python3.10/site-packages/robot_publisher-0.0.0-py3.10.egg-info
running install_scripts
writing list of installed files to '/home/phuongnguyen/DATN/Backend/ros2_ws/build/robot_publisher/install.log'
