[1.830s] Invoking command in '/home/phuongnguyen/DATN/Backend/ros2_ws/build/robot_publisher': PYTHONPATH=/home/phuongnguyen/DATN/Backend/ros2_ws/build/robot_publisher/prefix_override:/usr/lib/python3/dist-packages/colcon_core/task/python/colcon_distutils_commands:/home/phuongnguyen/DATN/Backend/ros2_ws/install/robot_publisher/lib/python3.10/site-packages:${PYTHONPATH} /usr/bin/python3 -W ignore:setup.py install is deprecated -W ignore:easy_install command is deprecated setup.py develop --uninstall --editable --build-directory /home/phuongnguyen/DATN/Backend/ros2_ws/build/robot_publisher/build
[2.321s] running develop
[2.724s] Removing /home/phuongnguyen/DATN/Backend/ros2_ws/install/robot_publisher/lib/python3.10/site-packages/robot-publisher.egg-link (link to .)
[2.786s] Invoked command in '/home/phuongnguyen/DATN/Backend/ros2_ws/build/robot_publisher' returned '0': PYTHONPATH=/home/phuongnguyen/DATN/Backend/ros2_ws/build/robot_publisher/prefix_override:/usr/lib/python3/dist-packages/colcon_core/task/python/colcon_distutils_commands:/home/phuongnguyen/DATN/Backend/ros2_ws/install/robot_publisher/lib/python3.10/site-packages:${PYTHONPATH} /usr/bin/python3 -W ignore:setup.py install is deprecated -W ignore:easy_install command is deprecated setup.py develop --uninstall --editable --build-directory /home/phuongnguyen/DATN/Backend/ros2_ws/build/robot_publisher/build
[2.793s] Invoking command in '/home/phuongnguyen/DATN/Backend/ros2_ws/src/robot_publisher': PYTHONPATH=/home/phuongnguyen/DATN/Backend/ros2_ws/build/robot_publisher/prefix_override:/usr/lib/python3/dist-packages/colcon_core/task/python/colcon_distutils_commands:/home/phuongnguyen/DATN/Backend/ros2_ws/install/robot_publisher/lib/python3.10/site-packages:${PYTHONPATH} /usr/bin/python3 -W ignore:setup.py install is deprecated -W ignore:easy_install command is deprecated setup.py egg_info --egg-base ../../build/robot_publisher build --build-base /home/phuongnguyen/DATN/Backend/ros2_ws/build/robot_publisher/build install --record /home/phuongnguyen/DATN/Backend/ros2_ws/build/robot_publisher/install.log --single-version-externally-managed install_data --force
[3.360s] running egg_info
[3.362s] writing ../../build/robot_publisher/robot_publisher.egg-info/PKG-INFO
[3.362s] writing dependency_links to ../../build/robot_publisher/robot_publisher.egg-info/dependency_links.txt
[3.363s] writing entry points to ../../build/robot_publisher/robot_publisher.egg-info/entry_points.txt
[3.363s] writing requirements to ../../build/robot_publisher/robot_publisher.egg-info/requires.txt
[3.364s] writing top-level names to ../../build/robot_publisher/robot_publisher.egg-info/top_level.txt
[3.366s] reading manifest file '../../build/robot_publisher/robot_publisher.egg-info/SOURCES.txt'
[3.368s] writing manifest file '../../build/robot_publisher/robot_publisher.egg-info/SOURCES.txt'
[3.369s] running build
[3.369s] running build_py
[3.369s] running install
[3.369s] running install_lib
[3.371s] creating /home/phuongnguyen/DATN/Backend/ros2_ws/install/robot_publisher/lib/python3.10/site-packages/robot_publisher
[3.371s] copying /home/phuongnguyen/DATN/Backend/ros2_ws/build/robot_publisher/build/lib/robot_publisher/__init__.py -> /home/phuongnguyen/DATN/Backend/ros2_ws/install/robot_publisher/lib/python3.10/site-packages/robot_publisher
[3.372s] byte-compiling /home/phuongnguyen/DATN/Backend/ros2_ws/install/robot_publisher/lib/python3.10/site-packages/robot_publisher/__init__.py to __init__.cpython-310.pyc
[3.372s] running install_data
[3.373s] copying resource/robot_publisher -> /home/phuongnguyen/DATN/Backend/ros2_ws/install/robot_publisher/share/ament_index/resource_index/packages
[3.373s] copying package.xml -> /home/phuongnguyen/DATN/Backend/ros2_ws/install/robot_publisher/share/robot_publisher
[3.374s] running install_egg_info
[3.378s] Copying ../../build/robot_publisher/robot_publisher.egg-info to /home/phuongnguyen/DATN/Backend/ros2_ws/install/robot_publisher/lib/python3.10/site-packages/robot_publisher-0.0.0-py3.10.egg-info
[3.381s] running install_scripts
[3.421s] writing list of installed files to '/home/phuongnguyen/DATN/Backend/ros2_ws/build/robot_publisher/install.log'
[3.501s] Invoked command in '/home/phuongnguyen/DATN/Backend/ros2_ws/src/robot_publisher' returned '0': PYTHONPATH=/home/phuongnguyen/DATN/Backend/ros2_ws/build/robot_publisher/prefix_override:/usr/lib/python3/dist-packages/colcon_core/task/python/colcon_distutils_commands:/home/phuongnguyen/DATN/Backend/ros2_ws/install/robot_publisher/lib/python3.10/site-packages:${PYTHONPATH} /usr/bin/python3 -W ignore:setup.py install is deprecated -W ignore:easy_install command is deprecated setup.py egg_info --egg-base ../../build/robot_publisher build --build-base /home/phuongnguyen/DATN/Backend/ros2_ws/build/robot_publisher/build install --record /home/phuongnguyen/DATN/Backend/ros2_ws/build/robot_publisher/install.log --single-version-externally-managed install_data --force
