[0.697s] Invoking command in '/home/horizon/datn/Backend/ros2_ws/src/ammr_plc_node': PYTHONPATH=/home/horizon/datn/Backend/ros2_ws/build/ammr_plc_node/prefix_override:/usr/lib/python3/dist-packages/colcon_core/task/python/colcon_distutils_commands:/home/horizon/datn/Backend/ros2_ws/install/ammr_plc_node/lib/python3.10/site-packages:${PYTHONPATH} /usr/bin/python3 -W ignore:setup.py install is deprecated -W ignore:easy_install command is deprecated setup.py egg_info --egg-base ../../build/ammr_plc_node build --build-base /home/horizon/datn/Backend/ros2_ws/build/ammr_plc_node/build install --record /home/horizon/datn/Backend/ros2_ws/build/ammr_plc_node/install.log --single-version-externally-managed install_data
[0.987s] running egg_info
[1.006s] creating ../../build/ammr_plc_node/ammr_plc_node.egg-info
[1.006s] writing ../../build/ammr_plc_node/ammr_plc_node.egg-info/PKG-INFO
[1.006s] writing dependency_links to ../../build/ammr_plc_node/ammr_plc_node.egg-info/dependency_links.txt
[1.006s] writing entry points to ../../build/ammr_plc_node/ammr_plc_node.egg-info/entry_points.txt
[1.007s] writing requirements to ../../build/ammr_plc_node/ammr_plc_node.egg-info/requires.txt
[1.007s] writing top-level names to ../../build/ammr_plc_node/ammr_plc_node.egg-info/top_level.txt
[1.007s] writing manifest file '../../build/ammr_plc_node/ammr_plc_node.egg-info/SOURCES.txt'
[1.051s] reading manifest file '../../build/ammr_plc_node/ammr_plc_node.egg-info/SOURCES.txt'
[1.052s] writing manifest file '../../build/ammr_plc_node/ammr_plc_node.egg-info/SOURCES.txt'
[1.052s] running build
[1.052s] running build_py
[1.053s] creating /home/horizon/datn/Backend/ros2_ws/build/ammr_plc_node/build/lib/ammr_plc_node
[1.053s] copying ammr_plc_node/test.py -> /home/horizon/datn/Backend/ros2_ws/build/ammr_plc_node/build/lib/ammr_plc_node
[1.053s] copying ammr_plc_node/manipulator.py -> /home/horizon/datn/Backend/ros2_ws/build/ammr_plc_node/build/lib/ammr_plc_node
[1.053s] copying ammr_plc_node/__init__.py -> /home/horizon/datn/Backend/ros2_ws/build/ammr_plc_node/build/lib/ammr_plc_node
[1.054s] running install
[1.058s] running install_lib
[1.077s] creating /home/horizon/datn/Backend/ros2_ws/install/ammr_plc_node/lib/python3.10/site-packages/ammr_plc_node
[1.077s] copying /home/horizon/datn/Backend/ros2_ws/build/ammr_plc_node/build/lib/ammr_plc_node/test.py -> /home/horizon/datn/Backend/ros2_ws/install/ammr_plc_node/lib/python3.10/site-packages/ammr_plc_node
[1.077s] copying /home/horizon/datn/Backend/ros2_ws/build/ammr_plc_node/build/lib/ammr_plc_node/manipulator.py -> /home/horizon/datn/Backend/ros2_ws/install/ammr_plc_node/lib/python3.10/site-packages/ammr_plc_node
[1.077s] copying /home/horizon/datn/Backend/ros2_ws/build/ammr_plc_node/build/lib/ammr_plc_node/__init__.py -> /home/horizon/datn/Backend/ros2_ws/install/ammr_plc_node/lib/python3.10/site-packages/ammr_plc_node
[1.078s] byte-compiling /home/horizon/datn/Backend/ros2_ws/install/ammr_plc_node/lib/python3.10/site-packages/ammr_plc_node/test.py to test.cpython-310.pyc
[1.078s] byte-compiling /home/horizon/datn/Backend/ros2_ws/install/ammr_plc_node/lib/python3.10/site-packages/ammr_plc_node/manipulator.py to manipulator.cpython-310.pyc
[1.079s] byte-compiling /home/horizon/datn/Backend/ros2_ws/install/ammr_plc_node/lib/python3.10/site-packages/ammr_plc_node/__init__.py to __init__.cpython-310.pyc
[1.079s] running install_data
[1.080s] creating /home/horizon/datn/Backend/ros2_ws/install/ammr_plc_node/share/ament_index/resource_index/packages
[1.080s] copying resource/ammr_plc_node -> /home/horizon/datn/Backend/ros2_ws/install/ammr_plc_node/share/ament_index/resource_index/packages
[1.080s] copying package.xml -> /home/horizon/datn/Backend/ros2_ws/install/ammr_plc_node/share/ammr_plc_node
[1.080s] running install_egg_info
[1.101s] Copying ../../build/ammr_plc_node/ammr_plc_node.egg-info to /home/horizon/datn/Backend/ros2_ws/install/ammr_plc_node/lib/python3.10/site-packages/ammr_plc_node-0.0.0-py3.10.egg-info
[1.102s] running install_scripts
[1.145s] Installing ammr_plc_node script to /home/horizon/datn/Backend/ros2_ws/install/ammr_plc_node/lib/ammr_plc_node
[1.146s] writing list of installed files to '/home/horizon/datn/Backend/ros2_ws/build/ammr_plc_node/install.log'
[1.175s] Invoked command in '/home/horizon/datn/Backend/ros2_ws/src/ammr_plc_node' returned '0': PYTHONPATH=/home/horizon/datn/Backend/ros2_ws/build/ammr_plc_node/prefix_override:/usr/lib/python3/dist-packages/colcon_core/task/python/colcon_distutils_commands:/home/horizon/datn/Backend/ros2_ws/install/ammr_plc_node/lib/python3.10/site-packages:${PYTHONPATH} /usr/bin/python3 -W ignore:setup.py install is deprecated -W ignore:easy_install command is deprecated setup.py egg_info --egg-base ../../build/ammr_plc_node build --build-base /home/horizon/datn/Backend/ros2_ws/build/ammr_plc_node/build install --record /home/horizon/datn/Backend/ros2_ws/build/ammr_plc_node/install.log --single-version-externally-managed install_data
