/home/horizon/datn/Backend/ros2_ws/install/ammr_plc_node/lib/python3.10/site-packages/ammr_plc_node/tf_map_to_base.py
/home/horizon/datn/Backend/ros2_ws/install/ammr_plc_node/lib/python3.10/site-packages/ammr_plc_node/test.py
/home/horizon/datn/Backend/ros2_ws/install/ammr_plc_node/lib/python3.10/site-packages/ammr_plc_node/__init__.py
/home/horizon/datn/Backend/ros2_ws/install/ammr_plc_node/lib/python3.10/site-packages/ammr_plc_node/Manipulator.py
/home/horizon/datn/Backend/ros2_ws/install/ammr_plc_node/lib/python3.10/site-packages/ammr_plc_node/__pycache__/tf_map_to_base.cpython-310.pyc
/home/horizon/datn/Backend/ros2_ws/install/ammr_plc_node/lib/python3.10/site-packages/ammr_plc_node/__pycache__/test.cpython-310.pyc
/home/horizon/datn/Backend/ros2_ws/install/ammr_plc_node/lib/python3.10/site-packages/ammr_plc_node/__pycache__/__init__.cpython-310.pyc
/home/horizon/datn/Backend/ros2_ws/install/ammr_plc_node/lib/python3.10/site-packages/ammr_plc_node/__pycache__/Manipulator.cpython-310.pyc
/home/horizon/datn/Backend/ros2_ws/install/ammr_plc_node/share/ament_index/resource_index/packages/ammr_plc_node
/home/horizon/datn/Backend/ros2_ws/install/ammr_plc_node/share/ammr_plc_node/package.xml
/home/horizon/datn/Backend/ros2_ws/install/ammr_plc_node/lib/python3.10/site-packages/ammr_plc_node-0.0.0-py3.10.egg-info/PKG-INFO
/home/horizon/datn/Backend/ros2_ws/install/ammr_plc_node/lib/python3.10/site-packages/ammr_plc_node-0.0.0-py3.10.egg-info/SOURCES.txt
/home/horizon/datn/Backend/ros2_ws/install/ammr_plc_node/lib/python3.10/site-packages/ammr_plc_node-0.0.0-py3.10.egg-info/entry_points.txt
/home/horizon/datn/Backend/ros2_ws/install/ammr_plc_node/lib/python3.10/site-packages/ammr_plc_node-0.0.0-py3.10.egg-info/top_level.txt
/home/horizon/datn/Backend/ros2_ws/install/ammr_plc_node/lib/python3.10/site-packages/ammr_plc_node-0.0.0-py3.10.egg-info/zip-safe
/home/horizon/datn/Backend/ros2_ws/install/ammr_plc_node/lib/python3.10/site-packages/ammr_plc_node-0.0.0-py3.10.egg-info/dependency_links.txt
/home/horizon/datn/Backend/ros2_ws/install/ammr_plc_node/lib/python3.10/site-packages/ammr_plc_node-0.0.0-py3.10.egg-info/requires.txt
/home/horizon/datn/Backend/ros2_ws/install/ammr_plc_node/lib/ammr_plc_node/ammr_plc_node
/home/horizon/datn/Backend/ros2_ws/install/ammr_plc_node/lib/ammr_plc_node/test_node
/home/horizon/datn/Backend/ros2_ws/install/ammr_plc_node/lib/ammr_plc_node/tf_relay
