[1.293s] Invoking command in '/home/phuongnguyen/DATN/Backend/ros2_ws/build/robot_publisher': PYTHONPATH=/home/phuongnguyen/DATN/Backend/ros2_ws/build/robot_publisher/prefix_override:/usr/lib/python3/dist-packages/colcon_core/task/python/colcon_distutils_commands:/home/phuongnguyen/DATN/Backend/ros2_ws/install/robot_publisher/lib/python3.10/site-packages:${PYTHONPATH} /usr/bin/python3 -W ignore:setup.py install is deprecated -W ignore:easy_install command is deprecated setup.py develop --uninstall --editable --build-directory /home/phuongnguyen/DATN/Backend/ros2_ws/build/robot_publisher/build
[1.691s] running develop
[1.925s] Removing /home/phuongnguyen/DATN/Backend/ros2_ws/install/robot_publisher/lib/python3.10/site-packages/robot-publisher.egg-link (link to .)
[1.973s] Invoked command in '/home/phuongnguyen/DATN/Backend/ros2_ws/build/robot_publisher' returned '0': PYTHONPATH=/home/phuongnguyen/DATN/Backend/ros2_ws/build/robot_publisher/prefix_override:/usr/lib/python3/dist-packages/colcon_core/task/python/colcon_distutils_commands:/home/phuongnguyen/DATN/Backend/ros2_ws/install/robot_publisher/lib/python3.10/site-packages:${PYTHONPATH} /usr/bin/python3 -W ignore:setup.py install is deprecated -W ignore:easy_install command is deprecated setup.py develop --uninstall --editable --build-directory /home/phuongnguyen/DATN/Backend/ros2_ws/build/robot_publisher/build
[1.976s] Invoking command in '/home/phuongnguyen/DATN/Backend/ros2_ws/src/robot_publisher': PYTHONPATH=/home/phuongnguyen/DATN/Backend/ros2_ws/build/robot_publisher/prefix_override:/usr/lib/python3/dist-packages/colcon_core/task/python/colcon_distutils_commands:/home/phuongnguyen/DATN/Backend/ros2_ws/install/robot_publisher/lib/python3.10/site-packages:${PYTHONPATH} /usr/bin/python3 -W ignore:setup.py install is deprecated -W ignore:easy_install command is deprecated setup.py egg_info --egg-base ../../build/robot_publisher build --build-base /home/phuongnguyen/DATN/Backend/ros2_ws/build/robot_publisher/build install --record /home/phuongnguyen/DATN/Backend/ros2_ws/build/robot_publisher/install.log --single-version-externally-managed install_data --force
[2.364s] running egg_info
[2.366s] writing ../../build/robot_publisher/robot_publisher.egg-info/PKG-INFO
[2.366s] writing dependency_links to ../../build/robot_publisher/robot_publisher.egg-info/dependency_links.txt
[2.366s] writing entry points to ../../build/robot_publisher/robot_publisher.egg-info/entry_points.txt
[2.367s] writing requirements to ../../build/robot_publisher/robot_publisher.egg-info/requires.txt
[2.367s] writing top-level names to ../../build/robot_publisher/robot_publisher.egg-info/top_level.txt
[2.370s] reading manifest file '../../build/robot_publisher/robot_publisher.egg-info/SOURCES.txt'
[2.372s] writing manifest file '../../build/robot_publisher/robot_publisher.egg-info/SOURCES.txt'
[2.372s] running build
[2.372s] running build_py
[2.372s] running install
[2.373s] running install_lib
[2.374s] creating /home/phuongnguyen/DATN/Backend/ros2_ws/install/robot_publisher/lib/python3.10/site-packages/robot_publisher
[2.375s] copying /home/phuongnguyen/DATN/Backend/ros2_ws/build/robot_publisher/build/lib/robot_publisher/__init__.py -> /home/phuongnguyen/DATN/Backend/ros2_ws/install/robot_publisher/lib/python3.10/site-packages/robot_publisher
[2.375s] byte-compiling /home/phuongnguyen/DATN/Backend/ros2_ws/install/robot_publisher/lib/python3.10/site-packages/robot_publisher/__init__.py to __init__.cpython-310.pyc
[2.378s] running install_data
[2.379s] copying resource/robot_publisher -> /home/phuongnguyen/DATN/Backend/ros2_ws/install/robot_publisher/share/ament_index/resource_index/packages
[2.379s] copying package.xml -> /home/phuongnguyen/DATN/Backend/ros2_ws/install/robot_publisher/share/robot_publisher
[2.380s] running install_egg_info
[2.380s] Copying ../../build/robot_publisher/robot_publisher.egg-info to /home/phuongnguyen/DATN/Backend/ros2_ws/install/robot_publisher/lib/python3.10/site-packages/robot_publisher-0.0.0-py3.10.egg-info
[2.381s] running install_scripts
[2.421s] writing list of installed files to '/home/phuongnguyen/DATN/Backend/ros2_ws/build/robot_publisher/install.log'
[2.467s] Invoked command in '/home/phuongnguyen/DATN/Backend/ros2_ws/src/robot_publisher' returned '0': PYTHONPATH=/home/phuongnguyen/DATN/Backend/ros2_ws/build/robot_publisher/prefix_override:/usr/lib/python3/dist-packages/colcon_core/task/python/colcon_distutils_commands:/home/phuongnguyen/DATN/Backend/ros2_ws/install/robot_publisher/lib/python3.10/site-packages:${PYTHONPATH} /usr/bin/python3 -W ignore:setup.py install is deprecated -W ignore:easy_install command is deprecated setup.py egg_info --egg-base ../../build/robot_publisher build --build-base /home/phuongnguyen/DATN/Backend/ros2_ws/build/robot_publisher/build install --record /home/phuongnguyen/DATN/Backend/ros2_ws/build/robot_publisher/install.log --single-version-externally-managed install_data --force
