[0.711s] Invoking command in '/home/horizon/datn/Backend/ros2_ws/src/ammr_plc_node': PYTHONPATH=/home/horizon/datn/Backend/ros2_ws/build/ammr_plc_node/prefix_override:/usr/lib/python3/dist-packages/colcon_core/task/python/colcon_distutils_commands:/home/horizon/datn/Backend/ros2_ws/install/ammr_plc_node/lib/python3.10/site-packages:${PYTHONPATH} /usr/bin/python3 -W ignore:setup.py install is deprecated -W ignore:easy_install command is deprecated setup.py egg_info --egg-base ../../build/ammr_plc_node build --build-base /home/horizon/datn/Backend/ros2_ws/build/ammr_plc_node/build install --record /home/horizon/datn/Backend/ros2_ws/build/ammr_plc_node/install.log --single-version-externally-managed install_data
[1.008s] running egg_info
[1.030s] writing ../../build/ammr_plc_node/ammr_plc_node.egg-info/PKG-INFO
[1.030s] writing dependency_links to ../../build/ammr_plc_node/ammr_plc_node.egg-info/dependency_links.txt
[1.031s] writing entry points to ../../build/ammr_plc_node/ammr_plc_node.egg-info/entry_points.txt
[1.031s] writing requirements to ../../build/ammr_plc_node/ammr_plc_node.egg-info/requires.txt
[1.031s] writing top-level names to ../../build/ammr_plc_node/ammr_plc_node.egg-info/top_level.txt
[1.071s] reading manifest file '../../build/ammr_plc_node/ammr_plc_node.egg-info/SOURCES.txt'
[1.072s] writing manifest file '../../build/ammr_plc_node/ammr_plc_node.egg-info/SOURCES.txt'
[1.073s] running build
[1.073s] running build_py
[1.073s] copying ammr_plc_node/test.py -> /home/horizon/datn/Backend/ros2_ws/build/ammr_plc_node/build/lib/ammr_plc_node
[1.073s] copying ammr_plc_node/manipulator.py -> /home/horizon/datn/Backend/ros2_ws/build/ammr_plc_node/build/lib/ammr_plc_node
[1.074s] copying ammr_plc_node/__init__.py -> /home/horizon/datn/Backend/ros2_ws/build/ammr_plc_node/build/lib/ammr_plc_node
[1.074s] running install
[1.078s] running install_lib
[1.097s] copying /home/horizon/datn/Backend/ros2_ws/build/ammr_plc_node/build/lib/ammr_plc_node/manipulator.py -> /home/horizon/datn/Backend/ros2_ws/install/ammr_plc_node/lib/python3.10/site-packages/ammr_plc_node
[1.098s] byte-compiling /home/horizon/datn/Backend/ros2_ws/install/ammr_plc_node/lib/python3.10/site-packages/ammr_plc_node/manipulator.py to manipulator.cpython-310.pyc
[1.099s] running install_data
[1.099s] copying resource/ammr_plc_node -> /home/horizon/datn/Backend/ros2_ws/install/ammr_plc_node/share/ament_index/resource_index/packages
[1.099s] copying package.xml -> /home/horizon/datn/Backend/ros2_ws/install/ammr_plc_node/share/ammr_plc_node
[1.099s] running install_egg_info
[1.123s] removing '/home/horizon/datn/Backend/ros2_ws/install/ammr_plc_node/lib/python3.10/site-packages/ammr_plc_node-0.0.0-py3.10.egg-info' (and everything under it)
[1.123s] Copying ../../build/ammr_plc_node/ammr_plc_node.egg-info to /home/horizon/datn/Backend/ros2_ws/install/ammr_plc_node/lib/python3.10/site-packages/ammr_plc_node-0.0.0-py3.10.egg-info
[1.124s] running install_scripts
[1.164s] Installing ammr_plc_node script to /home/horizon/datn/Backend/ros2_ws/install/ammr_plc_node/lib/ammr_plc_node
[1.165s] writing list of installed files to '/home/horizon/datn/Backend/ros2_ws/build/ammr_plc_node/install.log'
[1.192s] Invoked command in '/home/horizon/datn/Backend/ros2_ws/src/ammr_plc_node' returned '0': PYTHONPATH=/home/horizon/datn/Backend/ros2_ws/build/ammr_plc_node/prefix_override:/usr/lib/python3/dist-packages/colcon_core/task/python/colcon_distutils_commands:/home/horizon/datn/Backend/ros2_ws/install/ammr_plc_node/lib/python3.10/site-packages:${PYTHONPATH} /usr/bin/python3 -W ignore:setup.py install is deprecated -W ignore:easy_install command is deprecated setup.py egg_info --egg-base ../../build/ammr_plc_node build --build-base /home/horizon/datn/Backend/ros2_ws/build/ammr_plc_node/build install --record /home/horizon/datn/Backend/ros2_ws/build/ammr_plc_node/install.log --single-version-externally-managed install_data
