[0.106s] DEBUG:colcon:Command line arguments: ['/usr/bin/colcon', 'build', '--packages-select', 'ros_imu']
[0.106s] DEBUG:colcon:Parsed command line arguments: Namespace(log_base=None, log_level=None, verb_name='build', build_base='build', install_base='install', merge_install=False, symlink_install=False, test_result_base=None, continue_on_error=False, executor='parallel', parallel_workers=4, event_handlers=None, ignore_user_meta=False, metas=['./colcon.meta'], base_paths=['.'], packages_ignore=None, packages_ignore_regex=None, paths=None, packages_up_to=None, packages_up_to_regex=None, packages_above=None, packages_above_and_dependencies=None, packages_above_depth=None, packages_select_by_dep=None, packages_skip_by_dep=None, packages_skip_up_to=None, packages_select_build_failed=False, packages_skip_build_finished=False, packages_select_test_failures=False, packages_skip_test_passed=False, packages_select=['ros_imu'], packages_skip=None, packages_select_regex=None, packages_skip_regex=None, packages_start=None, packages_end=None, allow_overriding=[], cmake_args=None, cmake_target=None, cmake_target_skip_unavailable=False, cmake_clean_cache=False, cmake_clean_first=False, cmake_force_configure=False, ament_cmake_args=None, catkin_cmake_args=None, catkin_skip_building_tests=False, verb_parser=<colcon_defaults.argument_parser.defaults.DefaultArgumentsDecorator object at 0x7507ac66ec80>, verb_extension=<colcon_core.verb.build.BuildVerb object at 0x7507ac66e740>, main=<bound method BuildVerb.main of <colcon_core.verb.build.BuildVerb object at 0x7507ac66e740>>)
[0.144s] Level 1:colcon.colcon_core.package_discovery:discover_packages(colcon_meta) check parameters
[0.144s] Level 1:colcon.colcon_core.package_discovery:discover_packages(recursive) check parameters
[0.144s] Level 1:colcon.colcon_core.package_discovery:discover_packages(ignore) check parameters
[0.144s] Level 1:colcon.colcon_core.package_discovery:discover_packages(path) check parameters
[0.144s] Level 1:colcon.colcon_core.package_discovery:discover_packages(colcon_meta) discover
[0.144s] Level 1:colcon.colcon_core.package_discovery:discover_packages(recursive) discover
[0.144s] INFO:colcon.colcon_core.package_discovery:Crawling recursively for packages in '/home/horizon/datn/Backend/ros2_ws/src/ros_imu'
[0.144s] Level 1:colcon.colcon_core.package_identification:_identify(.) by extensions ['ignore', 'ignore_ament_install']
[0.145s] Level 1:colcon.colcon_core.package_identification:_identify(.) by extension 'ignore'
[0.145s] Level 1:colcon.colcon_core.package_identification:_identify(.) by extension 'ignore_ament_install'
[0.145s] Level 1:colcon.colcon_core.package_identification:_identify(.) by extensions ['colcon_pkg']
[0.145s] Level 1:colcon.colcon_core.package_identification:_identify(.) by extension 'colcon_pkg'
[0.145s] Level 1:colcon.colcon_core.package_identification:_identify(.) by extensions ['colcon_meta']
[0.145s] Level 1:colcon.colcon_core.package_identification:_identify(.) by extension 'colcon_meta'
[0.145s] Level 1:colcon.colcon_core.package_identification:_identify(.) by extensions ['ros']
[0.145s] Level 1:colcon.colcon_core.package_identification:_identify(.) by extension 'ros'
[0.162s] DEBUG:colcon.colcon_core.package_identification:Package '.' with type 'ros.ament_python' and name 'ros_imu'
[0.162s] Level 1:colcon.colcon_core.package_discovery:discover_packages(recursive) using defaults
[0.162s] Level 1:colcon.colcon_core.package_discovery:discover_packages(ignore) discover
[0.162s] Level 1:colcon.colcon_core.package_discovery:discover_packages(ignore) using defaults
[0.162s] Level 1:colcon.colcon_core.package_discovery:discover_packages(path) discover
[0.162s] Level 1:colcon.colcon_core.package_discovery:discover_packages(path) using defaults
[0.181s] Level 1:colcon.colcon_core.package_discovery:discover_packages(prefix_path) check parameters
[0.182s] Level 1:colcon.colcon_core.package_discovery:discover_packages(prefix_path) discover
[0.184s] DEBUG:colcon.colcon_installed_package_information.package_discovery:Found 4 installed packages in /home/horizon/datn/Backend/ros2_ws/install
[0.185s] DEBUG:colcon.colcon_installed_package_information.package_discovery:Found 271 installed packages in /opt/ros/humble
[0.187s] Level 1:colcon.colcon_core.package_discovery:discover_packages(prefix_path) using defaults
[0.223s] Level 5:colcon.colcon_core.verb:set package 'ros_imu' build argument 'cmake_args' from command line to 'None'
[0.223s] Level 5:colcon.colcon_core.verb:set package 'ros_imu' build argument 'cmake_target' from command line to 'None'
[0.223s] Level 5:colcon.colcon_core.verb:set package 'ros_imu' build argument 'cmake_target_skip_unavailable' from command line to 'False'
[0.223s] Level 5:colcon.colcon_core.verb:set package 'ros_imu' build argument 'cmake_clean_cache' from command line to 'False'
[0.223s] Level 5:colcon.colcon_core.verb:set package 'ros_imu' build argument 'cmake_clean_first' from command line to 'False'
[0.223s] Level 5:colcon.colcon_core.verb:set package 'ros_imu' build argument 'cmake_force_configure' from command line to 'False'
[0.223s] Level 5:colcon.colcon_core.verb:set package 'ros_imu' build argument 'ament_cmake_args' from command line to 'None'
[0.223s] Level 5:colcon.colcon_core.verb:set package 'ros_imu' build argument 'catkin_cmake_args' from command line to 'None'
[0.223s] Level 5:colcon.colcon_core.verb:set package 'ros_imu' build argument 'catkin_skip_building_tests' from command line to 'False'
[0.224s] DEBUG:colcon.colcon_core.verb:Building package 'ros_imu' with the following arguments: {'ament_cmake_args': None, 'build_base': '/home/horizon/datn/Backend/ros2_ws/src/ros_imu/build/ros_imu', 'catkin_cmake_args': None, 'catkin_skip_building_tests': False, 'cmake_args': None, 'cmake_clean_cache': False, 'cmake_clean_first': False, 'cmake_force_configure': False, 'cmake_target': None, 'cmake_target_skip_unavailable': False, 'install_base': '/home/horizon/datn/Backend/ros2_ws/src/ros_imu/install/ros_imu', 'merge_install': False, 'path': '/home/horizon/datn/Backend/ros2_ws/src/ros_imu', 'symlink_install': False, 'test_result_base': None}
[0.224s] INFO:colcon.colcon_core.executor:Executing jobs using 'parallel' executor
[0.225s] DEBUG:colcon.colcon_parallel_executor.executor.parallel:run_until_complete
[0.225s] INFO:colcon.colcon_ros.task.ament_python.build:Building ROS package in '/home/horizon/datn/Backend/ros2_ws/src/ros_imu' with build type 'ament_python'
[0.225s] Level 1:colcon.colcon_core.shell:create_environment_hook('ros_imu', 'ament_prefix_path')
[0.227s] INFO:colcon.colcon_core.plugin_system:Skipping extension 'colcon_core.shell.bat': Not used on non-Windows systems
[0.227s] INFO:colcon.colcon_core.shell:Creating environment hook '/home/horizon/datn/Backend/ros2_ws/src/ros_imu/install/ros_imu/share/ros_imu/hook/ament_prefix_path.ps1'
[0.228s] INFO:colcon.colcon_core.shell:Creating environment descriptor '/home/horizon/datn/Backend/ros2_ws/src/ros_imu/install/ros_imu/share/ros_imu/hook/ament_prefix_path.dsv'
[0.228s] INFO:colcon.colcon_core.shell:Creating environment hook '/home/horizon/datn/Backend/ros2_ws/src/ros_imu/install/ros_imu/share/ros_imu/hook/ament_prefix_path.sh'
[0.229s] INFO:colcon.colcon_core.shell:Skip shell extension 'powershell' for command environment: Not usable outside of PowerShell
[0.229s] DEBUG:colcon.colcon_core.shell:Skip shell extension 'dsv' for command environment
[0.466s] INFO:colcon.colcon_core.task.python.build:Building Python package in '/home/horizon/datn/Backend/ros2_ws/src/ros_imu'
[0.466s] INFO:colcon.colcon_core.shell:Skip shell extension 'powershell' for command environment: Not usable outside of PowerShell
[0.467s] DEBUG:colcon.colcon_core.shell:Skip shell extension 'dsv' for command environment
[1.021s] DEBUG:colcon.colcon_core.event_handler.log_command:Invoking command in '/home/horizon/datn/Backend/ros2_ws/src/ros_imu': PYTHONPATH=/home/horizon/datn/Backend/ros2_ws/src/ros_imu/build/ros_imu/prefix_override:/usr/lib/python3/dist-packages/colcon_core/task/python/colcon_distutils_commands:/home/horizon/datn/Backend/ros2_ws/src/ros_imu/install/ros_imu/lib/python3.10/site-packages:${PYTHONPATH} VIRTUAL_ENV_PROMPT=(.venv) /usr/bin/python3 -W ignore:setup.py install is deprecated -W ignore:easy_install command is deprecated setup.py egg_info --egg-base build/ros_imu build --build-base /home/horizon/datn/Backend/ros2_ws/src/ros_imu/build/ros_imu/build install --record /home/horizon/datn/Backend/ros2_ws/src/ros_imu/build/ros_imu/install.log --single-version-externally-managed install_data
[1.613s] DEBUG:colcon.colcon_core.event_handler.log_command:Invoked command in '/home/horizon/datn/Backend/ros2_ws/src/ros_imu' returned '0': PYTHONPATH=/home/horizon/datn/Backend/ros2_ws/src/ros_imu/build/ros_imu/prefix_override:/usr/lib/python3/dist-packages/colcon_core/task/python/colcon_distutils_commands:/home/horizon/datn/Backend/ros2_ws/src/ros_imu/install/ros_imu/lib/python3.10/site-packages:${PYTHONPATH} VIRTUAL_ENV_PROMPT=(.venv) /usr/bin/python3 -W ignore:setup.py install is deprecated -W ignore:easy_install command is deprecated setup.py egg_info --egg-base build/ros_imu build --build-base /home/horizon/datn/Backend/ros2_ws/src/ros_imu/build/ros_imu/build install --record /home/horizon/datn/Backend/ros2_ws/src/ros_imu/build/ros_imu/install.log --single-version-externally-managed install_data
[1.616s] Level 1:colcon.colcon_core.environment:checking '/home/horizon/datn/Backend/ros2_ws/src/ros_imu/install/ros_imu' for CMake module files
[1.616s] Level 1:colcon.colcon_core.environment:checking '/home/horizon/datn/Backend/ros2_ws/src/ros_imu/install/ros_imu' for CMake config files
[1.617s] Level 1:colcon.colcon_core.environment:checking '/home/horizon/datn/Backend/ros2_ws/src/ros_imu/install/ros_imu/lib'
[1.617s] Level 1:colcon.colcon_core.environment:checking '/home/horizon/datn/Backend/ros2_ws/src/ros_imu/install/ros_imu/bin'
[1.617s] Level 1:colcon.colcon_core.environment:checking '/home/horizon/datn/Backend/ros2_ws/src/ros_imu/install/ros_imu/lib/pkgconfig/ros_imu.pc'
[1.617s] Level 1:colcon.colcon_core.environment:checking '/home/horizon/datn/Backend/ros2_ws/src/ros_imu/install/ros_imu/lib/python3.10/site-packages'
[1.617s] Level 1:colcon.colcon_core.shell:create_environment_hook('ros_imu', 'pythonpath')
[1.618s] INFO:colcon.colcon_core.shell:Creating environment hook '/home/horizon/datn/Backend/ros2_ws/src/ros_imu/install/ros_imu/share/ros_imu/hook/pythonpath.ps1'
[1.618s] INFO:colcon.colcon_core.shell:Creating environment descriptor '/home/horizon/datn/Backend/ros2_ws/src/ros_imu/install/ros_imu/share/ros_imu/hook/pythonpath.dsv'
[1.618s] INFO:colcon.colcon_core.shell:Creating environment hook '/home/horizon/datn/Backend/ros2_ws/src/ros_imu/install/ros_imu/share/ros_imu/hook/pythonpath.sh'
[1.619s] Level 1:colcon.colcon_core.environment:checking '/home/horizon/datn/Backend/ros2_ws/src/ros_imu/install/ros_imu/bin'
[1.619s] Level 1:colcon.colcon_core.environment:create_environment_scripts_only(ros_imu)
[1.619s] INFO:colcon.colcon_core.shell:Creating package script '/home/horizon/datn/Backend/ros2_ws/src/ros_imu/install/ros_imu/share/ros_imu/package.ps1'
[1.620s] INFO:colcon.colcon_core.shell:Creating package descriptor '/home/horizon/datn/Backend/ros2_ws/src/ros_imu/install/ros_imu/share/ros_imu/package.dsv'
[1.620s] INFO:colcon.colcon_core.shell:Creating package script '/home/horizon/datn/Backend/ros2_ws/src/ros_imu/install/ros_imu/share/ros_imu/package.sh'
[1.621s] INFO:colcon.colcon_core.shell:Creating package script '/home/horizon/datn/Backend/ros2_ws/src/ros_imu/install/ros_imu/share/ros_imu/package.bash'
[1.622s] INFO:colcon.colcon_core.shell:Creating package script '/home/horizon/datn/Backend/ros2_ws/src/ros_imu/install/ros_imu/share/ros_imu/package.zsh'
[1.622s] Level 1:colcon.colcon_core.environment:create_file_with_runtime_dependencies(/home/horizon/datn/Backend/ros2_ws/src/ros_imu/install/ros_imu/share/colcon-core/packages/ros_imu)
[1.623s] DEBUG:colcon.colcon_parallel_executor.executor.parallel:closing loop
[1.623s] DEBUG:colcon.colcon_parallel_executor.executor.parallel:loop closed
[1.623s] DEBUG:colcon.colcon_parallel_executor.executor.parallel:run_until_complete finished with '0'
[1.623s] DEBUG:colcon.colcon_core.event_reactor:joining thread
[1.630s] INFO:colcon.colcon_core.plugin_system:Skipping extension 'colcon_notification.desktop_notification.terminal_notifier': Not used on non-Darwin systems
[1.630s] INFO:colcon.colcon_core.plugin_system:Skipping extension 'colcon_notification.desktop_notification.win32': Not used on non-Windows systems
[1.630s] INFO:colcon.colcon_notification.desktop_notification:Sending desktop notification using 'notify2'
[1.644s] DEBUG:colcon.colcon_core.event_reactor:joined thread
[1.644s] INFO:colcon.colcon_core.shell:Creating prefix script '/home/horizon/datn/Backend/ros2_ws/src/ros_imu/install/local_setup.ps1'
[1.646s] INFO:colcon.colcon_core.shell:Creating prefix util module '/home/horizon/datn/Backend/ros2_ws/src/ros_imu/install/_local_setup_util_ps1.py'
[1.647s] INFO:colcon.colcon_core.shell:Creating prefix chain script '/home/horizon/datn/Backend/ros2_ws/src/ros_imu/install/setup.ps1'
[1.649s] INFO:colcon.colcon_core.shell:Creating prefix script '/home/horizon/datn/Backend/ros2_ws/src/ros_imu/install/local_setup.sh'
[1.650s] INFO:colcon.colcon_core.shell:Creating prefix util module '/home/horizon/datn/Backend/ros2_ws/src/ros_imu/install/_local_setup_util_sh.py'
[1.651s] INFO:colcon.colcon_core.shell:Creating prefix chain script '/home/horizon/datn/Backend/ros2_ws/src/ros_imu/install/setup.sh'
[1.652s] INFO:colcon.colcon_core.shell:Creating prefix script '/home/horizon/datn/Backend/ros2_ws/src/ros_imu/install/local_setup.bash'
[1.653s] INFO:colcon.colcon_core.shell:Creating prefix chain script '/home/horizon/datn/Backend/ros2_ws/src/ros_imu/install/setup.bash'
[1.654s] INFO:colcon.colcon_core.shell:Creating prefix script '/home/horizon/datn/Backend/ros2_ws/src/ros_imu/install/local_setup.zsh'
[1.654s] INFO:colcon.colcon_core.shell:Creating prefix chain script '/home/horizon/datn/Backend/ros2_ws/src/ros_imu/install/setup.zsh'
