[0.939s] Invoking command in '/home/horizon/datn/Backend/ros2_ws/src/ammr_plc_node': PYTHONPATH=/home/horizon/datn/Backend/ros2_ws/build/ammr_plc_node/prefix_override:/usr/lib/python3/dist-packages/colcon_core/task/python/colcon_distutils_commands:/home/horizon/datn/Backend/ros2_ws/install/ammr_plc_node/lib/python3.10/site-packages:${PYTHONPATH} VIRTUAL_ENV_PROMPT=(.venv) /usr/bin/python3 -W ignore:setup.py install is deprecated -W ignore:easy_install command is deprecated setup.py egg_info --egg-base ../../build/ammr_plc_node build --build-base /home/horizon/datn/Backend/ros2_ws/build/ammr_plc_node/build install --record /home/horizon/datn/Backend/ros2_ws/build/ammr_plc_node/install.log --single-version-externally-managed install_data
[1.268s] running egg_info
[1.290s] writing ../../build/ammr_plc_node/ammr_plc_node.egg-info/PKG-INFO
[1.291s] writing dependency_links to ../../build/ammr_plc_node/ammr_plc_node.egg-info/dependency_links.txt
[1.291s] writing entry points to ../../build/ammr_plc_node/ammr_plc_node.egg-info/entry_points.txt
[1.291s] writing requirements to ../../build/ammr_plc_node/ammr_plc_node.egg-info/requires.txt
[1.291s] writing top-level names to ../../build/ammr_plc_node/ammr_plc_node.egg-info/top_level.txt
[1.338s] reading manifest file '../../build/ammr_plc_node/ammr_plc_node.egg-info/SOURCES.txt'
[1.339s] writing manifest file '../../build/ammr_plc_node/ammr_plc_node.egg-info/SOURCES.txt'
[1.339s] running build
[1.339s] running build_py
[1.340s] copying ammr_plc_node/tf_map_to_base.py -> /home/horizon/datn/Backend/ros2_ws/build/ammr_plc_node/build/lib/ammr_plc_node
[1.340s] copying ammr_plc_node/test.py -> /home/horizon/datn/Backend/ros2_ws/build/ammr_plc_node/build/lib/ammr_plc_node
[1.340s] copying ammr_plc_node/__init__.py -> /home/horizon/datn/Backend/ros2_ws/build/ammr_plc_node/build/lib/ammr_plc_node
[1.341s] copying ammr_plc_node/Manipulator.py -> /home/horizon/datn/Backend/ros2_ws/build/ammr_plc_node/build/lib/ammr_plc_node
[1.341s] running install
[1.346s] running install_lib
[1.367s] copying /home/horizon/datn/Backend/ros2_ws/build/ammr_plc_node/build/lib/ammr_plc_node/tf_map_to_base.py -> /home/horizon/datn/Backend/ros2_ws/install/ammr_plc_node/lib/python3.10/site-packages/ammr_plc_node
[1.368s] byte-compiling /home/horizon/datn/Backend/ros2_ws/install/ammr_plc_node/lib/python3.10/site-packages/ammr_plc_node/tf_map_to_base.py to tf_map_to_base.cpython-310.pyc
[1.369s] running install_data
[1.369s] copying resource/ammr_plc_node -> /home/horizon/datn/Backend/ros2_ws/install/ammr_plc_node/share/ament_index/resource_index/packages
[1.370s] copying package.xml -> /home/horizon/datn/Backend/ros2_ws/install/ammr_plc_node/share/ammr_plc_node
[1.371s] running install_egg_info
[1.393s] removing '/home/horizon/datn/Backend/ros2_ws/install/ammr_plc_node/lib/python3.10/site-packages/ammr_plc_node-0.0.0-py3.10.egg-info' (and everything under it)
[1.393s] Copying ../../build/ammr_plc_node/ammr_plc_node.egg-info to /home/horizon/datn/Backend/ros2_ws/install/ammr_plc_node/lib/python3.10/site-packages/ammr_plc_node-0.0.0-py3.10.egg-info
[1.395s] running install_scripts
[1.558s] Installing ammr_plc_node script to /home/horizon/datn/Backend/ros2_ws/install/ammr_plc_node/lib/ammr_plc_node
[1.558s] Installing test_node script to /home/horizon/datn/Backend/ros2_ws/install/ammr_plc_node/lib/ammr_plc_node
[1.558s] Installing tf_relay script to /home/horizon/datn/Backend/ros2_ws/install/ammr_plc_node/lib/ammr_plc_node
[1.559s] writing list of installed files to '/home/horizon/datn/Backend/ros2_ws/build/ammr_plc_node/install.log'
[1.603s] Invoked command in '/home/horizon/datn/Backend/ros2_ws/src/ammr_plc_node' returned '0': PYTHONPATH=/home/horizon/datn/Backend/ros2_ws/build/ammr_plc_node/prefix_override:/usr/lib/python3/dist-packages/colcon_core/task/python/colcon_distutils_commands:/home/horizon/datn/Backend/ros2_ws/install/ammr_plc_node/lib/python3.10/site-packages:${PYTHONPATH} VIRTUAL_ENV_PROMPT=(.venv) /usr/bin/python3 -W ignore:setup.py install is deprecated -W ignore:easy_install command is deprecated setup.py egg_info --egg-base ../../build/ammr_plc_node build --build-base /home/horizon/datn/Backend/ros2_ws/build/ammr_plc_node/build install --record /home/horizon/datn/Backend/ros2_ws/build/ammr_plc_node/install.log --single-version-externally-managed install_data
